<?xml version="1.0" encoding="UTF-8"?>
<testsuite name="com.tutorialspoint.demo.DemoApplicationTests" tests="1" skipped="0" failures="0" errors="0" timestamp="2019-11-24T12:43:10" hostname="vikaschitturi-Lenovo-G50-80" time="0.361">
  <properties/>
  <testcase name="contextLoads()" classname="com.tutorialspoint.demo.DemoApplicationTests" time="0.361"/>
  <system-out><![CDATA[18:13:06.791 [Test worker] DEBUG org.springframework.test.context.BootstrapUtils - Instantiating CacheAwareContextLoaderDelegate from class [org.springframework.test.context.cache.DefaultCacheAwareContextLoaderDelegate]
18:13:06.809 [Test worker] DEBUG org.springframework.test.context.BootstrapUtils - Instantiating BootstrapContext using constructor [public org.springframework.test.context.support.DefaultBootstrapContext(java.lang.Class,org.springframework.test.context.CacheAwareContextLoaderDelegate)]
18:13:06.845 [Test worker] DEBUG org.springframework.test.context.BootstrapUtils - Instantiating TestContextBootstrapper for test class [com.tutorialspoint.demo.DemoApplicationTests] from class [org.springframework.boot.test.context.SpringBootTestContextBootstrapper]
18:13:06.869 [Test worker] INFO org.springframework.boot.test.context.SpringBootTestContextBootstrapper - Neither @ContextConfiguration nor @ContextHierarchy found for test class [com.tutorialspoint.demo.DemoApplicationTests], using SpringBootContextLoader
18:13:06.875 [Test worker] DEBUG org.springframework.test.context.support.AbstractContextLoader - Did not detect default resource location for test class [com.tutorialspoint.demo.DemoApplicationTests]: class path resource [com/tutorialspoint/demo/DemoApplicationTests-context.xml] does not exist
18:13:06.876 [Test worker] DEBUG org.springframework.test.context.support.AbstractContextLoader - Did not detect default resource location for test class [com.tutorialspoint.demo.DemoApplicationTests]: class path resource [com/tutorialspoint/demo/DemoApplicationTestsContext.groovy] does not exist
18:13:06.876 [Test worker] INFO org.springframework.test.context.support.AbstractContextLoader - Could not detect default resource locations for test class [com.tutorialspoint.demo.DemoApplicationTests]: no resource found for suffixes {-context.xml, Context.groovy}.
18:13:06.877 [Test worker] INFO org.springframework.test.context.support.AnnotationConfigContextLoaderUtils - Could not detect default configuration classes for test class [com.tutorialspoint.demo.DemoApplicationTests]: DemoApplicationTests does not declare any static, non-private, non-final, nested classes annotated with @Configuration.
18:13:06.930 [Test worker] DEBUG org.springframework.test.context.support.ActiveProfilesUtils - Could not find an 'annotation declaring class' for annotation type [org.springframework.test.context.ActiveProfiles] and class [com.tutorialspoint.demo.DemoApplicationTests]
18:13:07.013 [Test worker] DEBUG org.springframework.context.annotation.ClassPathScanningCandidateComponentProvider - Identified candidate component class: file [/home/vikaschitturi/Downloads/demo/build/classes/java/main/com/tutorialspoint/demo/DemoApplication.class]
18:13:07.014 [Test worker] INFO org.springframework.boot.test.context.SpringBootTestContextBootstrapper - Found @SpringBootConfiguration com.tutorialspoint.demo.DemoApplication for test class com.tutorialspoint.demo.DemoApplicationTests
18:13:07.140 [Test worker] DEBUG org.springframework.boot.test.context.SpringBootTestContextBootstrapper - @TestExecutionListeners is not present for class [com.tutorialspoint.demo.DemoApplicationTests]: using defaults.
18:13:07.141 [Test worker] INFO org.springframework.boot.test.context.SpringBootTestContextBootstrapper - Loaded default TestExecutionListener class names from location [META-INF/spring.factories]: [org.springframework.boot.test.autoconfigure.restdocs.RestDocsTestExecutionListener, org.springframework.boot.test.autoconfigure.web.client.MockRestServiceServerResetTestExecutionListener, org.springframework.boot.test.autoconfigure.web.servlet.MockMvcPrintOnlyOnFailureTestExecutionListener, org.springframework.boot.test.autoconfigure.web.servlet.WebDriverTestExecutionListener, org.springframework.boot.test.mock.mockito.MockitoTestExecutionListener, org.springframework.boot.test.mock.mockito.ResetMocksTestExecutionListener, org.springframework.test.context.web.ServletTestExecutionListener, org.springframework.test.context.support.DirtiesContextBeforeModesTestExecutionListener, org.springframework.test.context.support.DependencyInjectionTestExecutionListener, org.springframework.test.context.support.DirtiesContextTestExecutionListener, org.springframework.test.context.transaction.TransactionalTestExecutionListener, org.springframework.test.context.jdbc.SqlScriptsTestExecutionListener, org.springframework.test.context.event.EventPublishingTestExecutionListener]
18:13:07.158 [Test worker] DEBUG org.springframework.boot.test.context.SpringBootTestContextBootstrapper - Skipping candidate TestExecutionListener [org.springframework.test.context.transaction.TransactionalTestExecutionListener] due to a missing dependency. Specify custom listener classes or make the default listener classes and their required dependencies available. Offending class: [org/springframework/transaction/TransactionDefinition]
18:13:07.159 [Test worker] DEBUG org.springframework.boot.test.context.SpringBootTestContextBootstrapper - Skipping candidate TestExecutionListener [org.springframework.test.context.jdbc.SqlScriptsTestExecutionListener] due to a missing dependency. Specify custom listener classes or make the default listener classes and their required dependencies available. Offending class: [org/springframework/transaction/interceptor/TransactionAttribute]
18:13:07.160 [Test worker] INFO org.springframework.boot.test.context.SpringBootTestContextBootstrapper - Using TestExecutionListeners: [org.springframework.test.context.web.ServletTestExecutionListener@2a7a720e, org.springframework.test.context.support.DirtiesContextBeforeModesTestExecutionListener@6d6e2218, org.springframework.boot.test.mock.mockito.MockitoTestExecutionListener@2b43b766, org.springframework.boot.test.autoconfigure.SpringBootDependencyInjectionTestExecutionListener@317bb755, org.springframework.test.context.support.DirtiesContextTestExecutionListener@48e85976, org.springframework.test.context.event.EventPublishingTestExecutionListener@540acc91, org.springframework.boot.test.autoconfigure.restdocs.RestDocsTestExecutionListener@6244a9f1, org.springframework.boot.test.autoconfigure.web.client.MockRestServiceServerResetTestExecutionListener@e697bf3, org.springframework.boot.test.autoconfigure.web.servlet.MockMvcPrintOnlyOnFailureTestExecutionListener@440a0a1, org.springframework.boot.test.autoconfigure.web.servlet.WebDriverTestExecutionListener@6ac9afc, org.springframework.boot.test.mock.mockito.ResetMocksTestExecutionListener@41e0b0f9]
18:13:07.168 [Test worker] DEBUG org.springframework.test.context.support.AbstractDirtiesContextTestExecutionListener - Before test class: context [DefaultTestContext@2211f6dc testClass = DemoApplicationTests, testInstance = [null], testMethod = [null], testException = [null], mergedContextConfiguration = [WebMergedContextConfiguration@6b96a1e8 testClass = DemoApplicationTests, locations = '{}', classes = '{class com.tutorialspoint.demo.DemoApplication}', contextInitializerClasses = '[]', activeProfiles = '{}', propertySourceLocations = '{}', propertySourceProperties = '{org.springframework.boot.test.context.SpringBootTestContextBootstrapper=true}', contextCustomizers = set[org.springframework.boot.test.autoconfigure.properties.PropertyMappingContextCustomizer@0, org.springframework.boot.test.autoconfigure.web.servlet.WebDriverContextCustomizerFactory$Customizer@7fd35129, org.springframework.boot.test.context.filter.ExcludeFilterContextCustomizer@bf65f82, org.springframework.boot.test.json.DuplicateJsonObjectContextCustomizerFactory$DuplicateJsonObjectContextCustomizer@6d12b8e2, org.springframework.boot.test.mock.mockito.MockitoContextCustomizer@0, org.springframework.boot.test.web.client.TestRestTemplateContextCustomizer@309b51ce], resourceBasePath = 'src/main/webapp', contextLoader = 'org.springframework.boot.test.context.SpringBootContextLoader', parent = [null]], attributes = map['org.springframework.test.context.web.ServletTestExecutionListener.activateListener' -> true]], class annotated with @DirtiesContext [false] with mode [null].
18:13:07.214 [Test worker] DEBUG org.springframework.test.context.support.TestPropertySourceUtils - Adding inlined properties to environment: {spring.jmx.enabled=false, org.springframework.boot.test.context.SpringBootTestContextBootstrapper=true, server.port=-1}

  .   ____          _            __ _ _
 /\\ / ___'_ __ _ _(_)_ __  __ _ \ \ \ \
( ( )\___ | '_ | '_| | '_ \/ _` | \ \ \ \
 \\/  ___)| |_)| | | | | || (_| |  ) ) ) )
  '  |____| .__|_| |_|_| |_\__, | / / / /
 =========|_|==============|___/=/_/_/_/
 :: Spring Boot ::        (v2.2.1.RELEASE)

2019-11-24 18:13:07.613  INFO 16327 --- [    Test worker] c.t.demo.DemoApplicationTests            : Starting DemoApplicationTests on vikaschitturi-Lenovo-G50-80 with PID 16327 (started by vikaschitturi in /home/vikaschitturi/Downloads/demo)
2019-11-24 18:13:07.616  INFO 16327 --- [    Test worker] c.t.demo.DemoApplicationTests            : No active profile set, falling back to default profiles: default
2019-11-24 18:13:08.792  INFO 16327 --- [    Test worker] trationDelegate$BeanPostProcessorChecker : Bean 'org.springframework.ws.config.annotation.DelegatingWsConfiguration' of type [org.springframework.ws.config.annotation.DelegatingWsConfiguration$$EnhancerBySpringCGLIB$$389043b9] is not eligible for getting processed by all BeanPostProcessors (for example: not eligible for auto-proxying)
2019-11-24 18:13:09.026  INFO 16327 --- [    Test worker] .w.s.a.s.AnnotationActionEndpointMapping : Supporting [WS-Addressing August 2004, WS-Addressing 1.0]
2019-11-24 18:13:09.789  INFO 16327 --- [    Test worker] o.s.s.concurrent.ThreadPoolTaskExecutor  : Initializing ExecutorService 'applicationTaskExecutor'
2019-11-24 18:13:10.446  INFO 16327 --- [    Test worker] c.t.demo.DemoApplicationTests            : Started DemoApplicationTests in 3.22 seconds (JVM running for 4.829)
]]></system-out>
  <system-err><![CDATA[]]></system-err>
</testsuite>
