<?xml version="1.0" encoding="UTF-8"?>
<testsuite name="com.tutorialspoint.demo.DemoApplicationTests" tests="1" skipped="0" failures="0" errors="0" timestamp="2019-12-20T06:21:41" hostname="vikaschitturi-Lenovo-G50-80" time="0.268">
  <properties/>
  <testcase name="contextLoads()" classname="com.tutorialspoint.demo.DemoApplicationTests" time="0.268"/>
  <system-out><![CDATA[11:51:37.812 [Test worker] DEBUG org.springframework.test.context.BootstrapUtils - Instantiating CacheAwareContextLoaderDelegate from class [org.springframework.test.context.cache.DefaultCacheAwareContextLoaderDelegate]
11:51:37.827 [Test worker] DEBUG org.springframework.test.context.BootstrapUtils - Instantiating BootstrapContext using constructor [public org.springframework.test.context.support.DefaultBootstrapContext(java.lang.Class,org.springframework.test.context.CacheAwareContextLoaderDelegate)]
11:51:37.865 [Test worker] DEBUG org.springframework.test.context.BootstrapUtils - Instantiating TestContextBootstrapper for test class [com.tutorialspoint.demo.DemoApplicationTests] from class [org.springframework.boot.test.context.SpringBootTestContextBootstrapper]
11:51:37.894 [Test worker] INFO org.springframework.boot.test.context.SpringBootTestContextBootstrapper - Neither @ContextConfiguration nor @ContextHierarchy found for test class [com.tutorialspoint.demo.DemoApplicationTests], using SpringBootContextLoader
11:51:37.899 [Test worker] DEBUG org.springframework.test.context.support.AbstractContextLoader - Did not detect default resource location for test class [com.tutorialspoint.demo.DemoApplicationTests]: class path resource [com/tutorialspoint/demo/DemoApplicationTests-context.xml] does not exist
11:51:37.900 [Test worker] DEBUG org.springframework.test.context.support.AbstractContextLoader - Did not detect default resource location for test class [com.tutorialspoint.demo.DemoApplicationTests]: class path resource [com/tutorialspoint/demo/DemoApplicationTestsContext.groovy] does not exist
11:51:37.900 [Test worker] INFO org.springframework.test.context.support.AbstractContextLoader - Could not detect default resource locations for test class [com.tutorialspoint.demo.DemoApplicationTests]: no resource found for suffixes {-context.xml, Context.groovy}.
11:51:37.901 [Test worker] INFO org.springframework.test.context.support.AnnotationConfigContextLoaderUtils - Could not detect default configuration classes for test class [com.tutorialspoint.demo.DemoApplicationTests]: DemoApplicationTests does not declare any static, non-private, non-final, nested classes annotated with @Configuration.
11:51:37.946 [Test worker] DEBUG org.springframework.test.context.support.ActiveProfilesUtils - Could not find an 'annotation declaring class' for annotation type [org.springframework.test.context.ActiveProfiles] and class [com.tutorialspoint.demo.DemoApplicationTests]
11:51:38.019 [Test worker] DEBUG org.springframework.context.annotation.ClassPathScanningCandidateComponentProvider - Identified candidate component class: file [/home/vikaschitturi/Downloads/Spring-Demo-Project/build/classes/java/main/com/tutorialspoint/demo/DemoApplication.class]
11:51:38.021 [Test worker] INFO org.springframework.boot.test.context.SpringBootTestContextBootstrapper - Found @SpringBootConfiguration com.tutorialspoint.demo.DemoApplication for test class com.tutorialspoint.demo.DemoApplicationTests
11:51:38.143 [Test worker] DEBUG org.springframework.boot.test.context.SpringBootTestContextBootstrapper - @TestExecutionListeners is not present for class [com.tutorialspoint.demo.DemoApplicationTests]: using defaults.
11:51:38.144 [Test worker] INFO org.springframework.boot.test.context.SpringBootTestContextBootstrapper - Loaded default TestExecutionListener class names from location [META-INF/spring.factories]: [org.springframework.boot.test.autoconfigure.restdocs.RestDocsTestExecutionListener, org.springframework.boot.test.autoconfigure.web.client.MockRestServiceServerResetTestExecutionListener, org.springframework.boot.test.autoconfigure.web.servlet.MockMvcPrintOnlyOnFailureTestExecutionListener, org.springframework.boot.test.autoconfigure.web.servlet.WebDriverTestExecutionListener, org.springframework.boot.test.mock.mockito.MockitoTestExecutionListener, org.springframework.boot.test.mock.mockito.ResetMocksTestExecutionListener, org.springframework.test.context.web.ServletTestExecutionListener, org.springframework.test.context.support.DirtiesContextBeforeModesTestExecutionListener, org.springframework.test.context.support.DependencyInjectionTestExecutionListener, org.springframework.test.context.support.DirtiesContextTestExecutionListener, org.springframework.test.context.transaction.TransactionalTestExecutionListener, org.springframework.test.context.jdbc.SqlScriptsTestExecutionListener, org.springframework.test.context.event.EventPublishingTestExecutionListener]
11:51:38.159 [Test worker] DEBUG org.springframework.boot.test.context.SpringBootTestContextBootstrapper - Skipping candidate TestExecutionListener [org.springframework.test.context.transaction.TransactionalTestExecutionListener] due to a missing dependency. Specify custom listener classes or make the default listener classes and their required dependencies available. Offending class: [org/springframework/transaction/TransactionDefinition]
11:51:38.160 [Test worker] DEBUG org.springframework.boot.test.context.SpringBootTestContextBootstrapper - Skipping candidate TestExecutionListener [org.springframework.test.context.jdbc.SqlScriptsTestExecutionListener] due to a missing dependency. Specify custom listener classes or make the default listener classes and their required dependencies available. Offending class: [org/springframework/transaction/interceptor/TransactionAttribute]
11:51:38.160 [Test worker] INFO org.springframework.boot.test.context.SpringBootTestContextBootstrapper - Using TestExecutionListeners: [org.springframework.test.context.web.ServletTestExecutionListener@2a7a720e, org.springframework.test.context.support.DirtiesContextBeforeModesTestExecutionListener@6d6e2218, org.springframework.boot.test.mock.mockito.MockitoTestExecutionListener@2b43b766, org.springframework.boot.test.autoconfigure.SpringBootDependencyInjectionTestExecutionListener@317bb755, org.springframework.test.context.support.DirtiesContextTestExecutionListener@48e85976, org.springframework.test.context.event.EventPublishingTestExecutionListener@540acc91, org.springframework.boot.test.autoconfigure.restdocs.RestDocsTestExecutionListener@6244a9f1, org.springframework.boot.test.autoconfigure.web.client.MockRestServiceServerResetTestExecutionListener@e697bf3, org.springframework.boot.test.autoconfigure.web.servlet.MockMvcPrintOnlyOnFailureTestExecutionListener@440a0a1, org.springframework.boot.test.autoconfigure.web.servlet.WebDriverTestExecutionListener@6ac9afc, org.springframework.boot.test.mock.mockito.ResetMocksTestExecutionListener@41e0b0f9]
11:51:38.167 [Test worker] DEBUG org.springframework.test.context.support.AbstractDirtiesContextTestExecutionListener - Before test class: context [DefaultTestContext@2211f6dc testClass = DemoApplicationTests, testInstance = [null], testMethod = [null], testException = [null], mergedContextConfiguration = [WebMergedContextConfiguration@6b96a1e8 testClass = DemoApplicationTests, locations = '{}', classes = '{class com.tutorialspoint.demo.DemoApplication}', contextInitializerClasses = '[]', activeProfiles = '{}', propertySourceLocations = '{}', propertySourceProperties = '{org.springframework.boot.test.context.SpringBootTestContextBootstrapper=true}', contextCustomizers = set[org.springframework.boot.test.autoconfigure.properties.PropertyMappingContextCustomizer@0, org.springframework.boot.test.autoconfigure.web.servlet.WebDriverContextCustomizerFactory$Customizer@7fd35129, org.springframework.boot.test.context.filter.ExcludeFilterContextCustomizer@bf65f82, org.springframework.boot.test.json.DuplicateJsonObjectContextCustomizerFactory$DuplicateJsonObjectContextCustomizer@6d12b8e2, org.springframework.boot.test.mock.mockito.MockitoContextCustomizer@0, org.springframework.boot.test.web.client.TestRestTemplateContextCustomizer@309b51ce], resourceBasePath = 'src/main/webapp', contextLoader = 'org.springframework.boot.test.context.SpringBootContextLoader', parent = [null]], attributes = map['org.springframework.test.context.web.ServletTestExecutionListener.activateListener' -> true]], class annotated with @DirtiesContext [false] with mode [null].
11:51:38.201 [Test worker] DEBUG org.springframework.test.context.support.TestPropertySourceUtils - Adding inlined properties to environment: {spring.jmx.enabled=false, org.springframework.boot.test.context.SpringBootTestContextBootstrapper=true, server.port=-1}

  .   ____          _            __ _ _
 /\\ / ___'_ __ _ _(_)_ __  __ _ \ \ \ \
( ( )\___ | '_ | '_| | '_ \/ _` | \ \ \ \
 \\/  ___)| |_)| | | | | || (_| |  ) ) ) )
  '  |____| .__|_| |_|_| |_\__, | / / / /
 =========|_|==============|___/=/_/_/_/
 :: Spring Boot ::        (v2.2.1.RELEASE)

2019-12-20 11:51:38.579  INFO 32102 --- [    Test worker] c.t.demo.DemoApplicationTests            : Starting DemoApplicationTests on vikaschitturi-Lenovo-G50-80 with PID 32102 (started by vikaschitturi in /home/vikaschitturi/Downloads/Spring-Demo-Project)
2019-12-20 11:51:38.582  INFO 32102 --- [    Test worker] c.t.demo.DemoApplicationTests            : No active profile set, falling back to default profiles: default
2019-12-20 11:51:39.856  INFO 32102 --- [    Test worker] trationDelegate$BeanPostProcessorChecker : Bean 'org.springframework.ws.config.annotation.DelegatingWsConfiguration' of type [org.springframework.ws.config.annotation.DelegatingWsConfiguration$$EnhancerBySpringCGLIB$$c86783b7] is not eligible for getting processed by all BeanPostProcessors (for example: not eligible for auto-proxying)
2019-12-20 11:51:40.037  INFO 32102 --- [    Test worker] .w.s.a.s.AnnotationActionEndpointMapping : Supporting [WS-Addressing August 2004, WS-Addressing 1.0]
2019-12-20 11:51:40.671  INFO 32102 --- [    Test worker] o.s.s.concurrent.ThreadPoolTaskExecutor  : Initializing ExecutorService 'applicationTaskExecutor'
2019-12-20 11:51:41.212  INFO 32102 --- [    Test worker] c.t.demo.DemoApplicationTests            : Started DemoApplicationTests in 3.002 seconds (JVM running for 4.565)
]]></system-out>
  <system-err><![CDATA[]]></system-err>
</testsuite>
